

                                        
                                    ZeBu (R)
                                      zFe
                                        
                           Version M-2017.03-SP1-4  
                                        
                   Copyright (c) 2002 - 2018 by Synopsys, Inc
   This software and the associated documentation are proprietary to Synopsys,
 Inc. This software may only be used in accordance with the terms and conditions
 of a written license agreement with Synopsys, Inc. All other use, reproduction,
            or distribution of this software is strictly prohibited.


#   info : #----------------------------------------------------------------
#   info : Setup
#   info : #----------------------------------------------------------------
# command line is /run/pkg/synopsys-zebu-/M-2017.03-SP1-4/bin/zFe fs_macros.tcl -log fsMacro.log -zlog 1 
# start time is Thu Feb 14 20:31:35 CST 2019
#   step Setup : CVS $Revision: #15 $
#   step Setup : CVS $Date: 2018/06/15 $
#   step Setup :         NEXT CALL to cmn::option auto_hcsrc true
#   step Setup :         NEXT CALL to cmn::option technology vtx7
#   info : #----------------------------------------------------------------
#   info : dump_macro_lib
#   info : #----------------------------------------------------------------
#   step dump_macro_lib :         NEXT CALL to cmn::dump_macro_lib fs_macros.edf

#   step exec summary : time 0m23.64897s
#   exec summary : Total memory: 0000 kB minimum 
#   exec summary : Successful execution

# end time is Thu Feb 14 20:31:58 CST 2019
zFe exit status: 0
command exit code is '0'
