________________________________________________________________________________
                                        
                                    ZeBu (R)
                          ZeBu Compiler User Interface
                                        
                           Version M-2017.03-SP1-4  
                                        
                   Copyright (c) 2002 - 2018 by Synopsys, Inc
   This software and the associated documentation are proprietary to Synopsys,
 Inc. This software may only be used in accordance with the terms and conditions
 of a written license agreement with Synopsys, Inc. All other use, reproduction,
            or distribution of this software is strictly prohibited.

# Build Date : Aug 21 2018 - 00:38:21

#   Project filename: /proj/mcu_zebu/users/b51677/sverilog/zebu/pico_soc/zebu/zebu.work/utf_generatefiles/gen_ufe_project.zpf

#   14/02/19  20:30:44 - backend_default_Project_Analyzer added
#   14/02/19  20:30:44 - backend_default_SingleBackend_Compilation_Checker added
#   14/02/19  20:30:44 - Re-Compute Task Graph Node Rows
#   14/02/19  20:30:44 - backend_default_Project_Analyzer spawned
#   14/02/19  20:30:44 - backend_default_BackendEntry added
#   14/02/19  20:30:44 - vcs_splitter_VCS_Task_Builder added
#   14/02/19  20:30:44 - Post_Vcs_Task_Builder added
#   14/02/19  20:30:44 - VCS_Task_Analyzer added
#   14/02/19  20:30:44 - Target_Config added
#   14/02/19  20:30:44 - Target_Config_Analyzer added
#   14/02/19  20:30:44 - design_Fs_Macro_Script_Builder added
#   14/02/19  20:30:44 - design_Fs_Macro added
#   14/02/19  20:30:44 - Vcs_Version_Checker added
#   14/02/19  20:30:44 - FE_Version_Checker added
#   14/02/19  20:30:44 - BE_Version_Checker added
#   14/02/19  20:30:44 - Re-Compute Task Graph Node Rows
#   14/02/19  20:30:44 - backend_default_Project_Analyzer normal task termination 
#   14/02/19  20:30:46 - BE_Version_Checker spawned
#   14/02/19  20:30:46 - BE_Version_Checker info : Pid: 63928
#   14/02/19  20:30:46 - FE_Version_Checker spawned
#   14/02/19  20:30:46 - FE_Version_Checker info : Pid: 63929
#   14/02/19  20:30:46 - Vcs_Version_Checker spawned
#   14/02/19  20:30:46 - Vcs_Version_Checker info : Pid: 63930
#   14/02/19  20:30:47 - FE_Version_Checker normal task termination 
#   14/02/19  20:30:47 - Vcs_Version_Checker normal task termination 
#   14/02/19  20:30:48 - BE_Version_Checker normal task termination 
#   14/02/19  20:30:48 - Target_Config spawned
#   14/02/19  20:30:48 - Target_Config info : Pid: 64056
#   14/02/19  20:31:31 - Target_Config normal task termination 
#   14/02/19  20:31:31 - Target_Config_Analyzer spawned
#   14/02/19  20:31:31 - backend_default_zTopBuild added
#   14/02/19  20:31:31 - backend_default_zTopBuildResultAnalyzer added
#   14/02/19  20:31:31 - backend_default_PreParScriptBuilder added
#   14/02/19  20:31:31 - backend_default_zPar added
#   14/02/19  20:31:31 - backend_default_Design_FPGA_Dispatch added
#   14/02/19  20:31:31 - backend_default_zTime added
#   14/02/19  20:31:31 - backend_default_zDB_Global_Controller added
#   14/02/19  20:31:31 - backend_default_Build_ZDBPostProc_Script added
#   14/02/19  20:31:31 - backend_default_zDbPostProc added
#   14/02/19  20:31:31 - backend_default_preparezTimeFpga added
#   14/02/19  20:31:31 - backend_default_zTimeFpga added
#   14/02/19  20:31:31 - Target_Config_Analyzer normal task termination 
#   14/02/19  20:31:33 - design_Fs_Macro_Script_Builder spawned
#   14/02/19  20:31:33 - design_Fs_Macro_Script_Builder normal task termination 
#   14/02/19  20:31:35 - design_Fs_Macro spawned
#   14/02/19  20:31:35 - design_Fs_Macro info : Pid: 64302
#   14/02/19  20:31:58 - design_Fs_Macro normal task termination 
#   14/02/19  20:31:58 - vcs_splitter_VCS_Task_Builder spawned
#   14/02/19  20:31:58 - vcs_splitter_VCS_Task_Builder info : Pid: 64440
### 14/02/19  20:31:59 - vcs_splitter_VCS_Task_Builder abnormal task termination Return status 255
#   14/02/19  20:31:59 - Compilation Ended
#   Network File System Parameters : Optimizer Method = 1 ; Number Of Retries = 30 ; Retry Delay = 1000
#   Network File System Stats : Number of Optimizer Attempts = 0 ; Number Of Optimizer Failures = 0
#   Network File System Stats : Number of Retry Cycles = 0 ; Number Of Failures = 0 ; Average Number of Retries = 0 ; Maximum Number Of Retries = 0
#   Edif Check : Nb Of Checks 0; Nb Of Passed Checks 0; Nb Of Failed Checks 0; Nb Of Check Calls 0

#   14/02/19  20:32:01 - performance diagnostic profiler report generated in zebu.work/zCui/backup/backend_default_19_2_14_20_30_44/backend_default_globalLog.html
List of failed tasks:
Name: Launch VCS
  Log: /proj/mcu_zebu/users/b51677/sverilog/zebu/pico_soc/zebu/zebu.work/zCui/log/vcs_splitter_VCS_Task_Builder.log
